\BOOKMARK [1][-]{section.1}{Introduction}{}% 1
\BOOKMARK [2][-]{subsection.1.1}{Background}{section.1}% 2
\BOOKMARK [2][-]{subsection.1.2}{Problem\040statement}{section.1}% 3
\BOOKMARK [2][-]{subsection.1.3}{Our\040work}{section.1}% 4
\BOOKMARK [1][-]{section.2}{Assumptions\040and\040justifications}{}% 5
\BOOKMARK [1][-]{section.3}{Model\040for\040maximal\040plastic\040waste\040estimation\040based\040on\040Linear\040programming}{}% 6
\BOOKMARK [2][-]{subsection.3.1}{Theories\040related\040to\040our\040model}{section.3}% 7
\BOOKMARK [3][-]{subsubsection.3.1.1}{PLC\040theory}{subsection.3.1}% 8
\BOOKMARK [3][-]{subsubsection.3.1.2}{Linear\040programming}{subsection.3.1}% 9
\BOOKMARK [2][-]{subsection.3.2}{Notations}{section.3}% 10
\BOOKMARK [2][-]{subsection.3.3}{Qualify\040the\040impact\040on\040the\040environment}{section.3}% 11
\BOOKMARK [3][-]{subsubsection.3.3.1}{Producing\040process}{subsection.3.3}% 12
\BOOKMARK [3][-]{subsubsection.3.3.2}{Managing\040process}{subsection.3.3}% 13
\BOOKMARK [2][-]{subsection.3.4}{Constraints\040given\040by\040environmental\040carrying\040capacity}{section.3}% 14
\BOOKMARK [2][-]{subsection.3.5}{Model\040paradigm}{section.3}% 15
\BOOKMARK [2][-]{subsection.3.6}{Analysis\040of\040China\040using\040our\040model}{section.3}% 16
\BOOKMARK [1][-]{section.4}{Plastic\040waste\040reduced}{}% 17
\BOOKMARK [2][-]{subsection.4.1}{SVR\040algorithm}{section.4}% 18
\BOOKMARK [2][-]{subsection.4.2}{Detailed\040analysis}{section.4}% 19
\BOOKMARK [3][-]{subsubsection.4.2.1}{The\040quantitative\040standard\040of\040happiness}{subsection.4.2}% 20
\BOOKMARK [3][-]{subsubsection.4.2.2}{Plastic\040Emphasized}{subsection.4.2}% 21
\BOOKMARK [2][-]{subsection.4.3}{Model\040parameter\040selection}{section.4}% 22
\BOOKMARK [3][-]{subsubsection.4.3.1}{Model\040performance\040evaluation}{subsection.4.3}% 23
\BOOKMARK [2][-]{subsection.4.4}{Specific\040model\040parameters}{section.4}% 24
\BOOKMARK [2][-]{subsection.4.5}{Predicting\040minimum\040plastic\040usage}{section.4}% 25
\BOOKMARK [1][-]{section.5}{The\040minimal\040target\040of\040PW\040and\040its\040impacts\040}{}% 26
\BOOKMARK [2][-]{subsection.5.1}{Basic\040Theories}{section.5}% 27
\BOOKMARK [3][-]{subsubsection.5.1.1}{EASEWASTE}{subsection.5.1}% 28
\BOOKMARK [3][-]{subsubsection.5.1.2}{CGE}{subsection.5.1}% 29
\BOOKMARK [3][-]{subsubsection.5.1.3}{AHP}{subsection.5.1}% 30
\BOOKMARK [2][-]{subsection.5.2}{Global\040Target}{section.5}% 31
\BOOKMARK [2][-]{subsection.5.3}{Impact\040Path\040Analysis}{section.5}% 32
\BOOKMARK [3][-]{subsubsection.5.3.1}{How\040human\040life\040will\040be\040alert}{subsection.5.3}% 33
\BOOKMARK [3][-]{subsubsection.5.3.2}{How\040environment\040will\040be\040affected}{subsection.5.3}% 34
\BOOKMARK [3][-]{subsubsection.5.3.3}{How\040to\040influence\040plastic\040industry}{subsection.5.3}% 35
\BOOKMARK [3][-]{subsubsection.5.3.4}{Total\040impact}{subsection.5.3}% 36
\BOOKMARK [1][-]{section.6}{Discussion\040about\040equity}{}% 37
\BOOKMARK [2][-]{subsection.6.1}{Shadow\040price}{section.6}% 38
\BOOKMARK [2][-]{subsection.6.2}{Determining\040shadow\040prices\040using\040dual\040theory\040of\040linear\040programming}{section.6}% 39
\BOOKMARK [2][-]{subsection.6.3}{Shadow\040price\040of\040China's\040plastic\040constraint\040equation:\040an\040example}{section.6}% 40
\BOOKMARK [1][-]{section.7}{Strength\040and\040weakness}{}% 41
\BOOKMARK [2][-]{subsection.7.1}{Strengths}{section.7}% 42
\BOOKMARK [2][-]{subsection.7.2}{Weaknesses}{section.7}% 43
\BOOKMARK [1][-]{section.8}{Conclusion}{}% 44
